<?xml version="1.0" encoding="UTF-8"?>
<!-- Generated by org.testng.reporters.JUnitReportReporter -->
<testsuite hostname="DESKTOP-T5380G9" failures="0" tests="2" name="Campaign.CreateCampaignTest" time="26.063" errors="0" timestamp="2024-12-18T15:58:45 IST" skipped="0">
  <testcase classname="Campaign.CreateCampaignTest" name="createCampaignTest" time="18.625"/>
  <system-out/>
  <testcase classname="Campaign.CreateCampaignTest" name="m2" time="7.438"/>
  <system-out/>
</testsuite> <!-- Campaign.CreateCampaignTest -->
